<?xml version="1.0" encoding="UTF-8"?>
<!-- Generated by org.testng.reporters.JUnitXMLReporter -->
<testsuite ignored="0" hostname="SL-NB0050" failures="0" tests="3" name="Selenim_MITPractice" time="48.85" errors="0" timestamp="2024-02-24T15:12:58 IST">
  <testcase classname="com.mipractice.qa.testcase.Register" name="verifyRegisteraccountwithMandatoryFields" time="1.595"/>
  <testcase classname="com.mipractice.qa.testcase.Register" name="verifyRegisteraccountwithAllFields" time="1.733"/>
  <testcase classname="com.mipractice.qa.testcase.Register" name="verifyRegisteraccountwithexsistingEmail" time="1.165"/>
</testsuite> <!-- Selenim_MITPractice -->
