<?xml version="1.0" encoding="UTF-8"?>
<testng-results ignored="0" total="8" passed="8" failed="0" skipped="0">
  <reporter-output>
  </reporter-output>
  <suite started-at="2024-02-24T15:31:47 IST" name="All Test Suite" finished-at="2024-02-24T15:33:28 IST" duration-ms="100636">
    <groups>
    </groups>
    <test started-at="2024-02-24T15:31:47 IST" name="C:/Users/A.Nadeeshani/eclips2023/Selenim_MITPractice" finished-at="2024-02-24T15:33:28 IST" duration-ms="100636">
      <class name="com.mipractice.qa.testcase.Register">
        <test-method is-config="true" signature="setUp()[pri:0, instance:com.mipractice.qa.testcase.Register@4f83df68]" started-at="2024-02-24T15:32:11 IST" name="setUp" finished-at="2024-02-24T15:32:22 IST" duration-ms="10567" status="PASS">
          <reporter-output>
          </reporter-output>
        </test-method> <!-- setUp -->
        <test-method signature="verifyRegisteraccountwithMandatoryFields()[pri:1, instance:com.mipractice.qa.testcase.Register@4f83df68]" started-at="2024-02-24T15:32:22 IST" name="verifyRegisteraccountwithMandatoryFields" finished-at="2024-02-24T15:32:24 IST" duration-ms="1790" status="PASS">
          <reporter-output>
          </reporter-output>
        </test-method> <!-- verifyRegisteraccountwithMandatoryFields -->
        <test-method is-config="true" signature="tearDown()[pri:0, instance:com.mipractice.qa.testcase.Register@4f83df68]" started-at="2024-02-24T15:32:24 IST" name="tearDown" finished-at="2024-02-24T15:32:24 IST" duration-ms="80" status="PASS">
          <reporter-output>
          </reporter-output>
        </test-method> <!-- tearDown -->
        <test-method is-config="true" signature="setUp()[pri:0, instance:com.mipractice.qa.testcase.Register@4f83df68]" started-at="2024-02-24T15:32:24 IST" name="setUp" finished-at="2024-02-24T15:32:41 IST" duration-ms="17314" status="PASS">
          <reporter-output>
          </reporter-output>
        </test-method> <!-- setUp -->
        <test-method signature="verifyRegisteraccountwithAllFields()[pri:2, instance:com.mipractice.qa.testcase.Register@4f83df68]" started-at="2024-02-24T15:32:41 IST" name="verifyRegisteraccountwithAllFields" finished-at="2024-02-24T15:32:43 IST" duration-ms="1843" status="PASS">
          <reporter-output>
          </reporter-output>
        </test-method> <!-- verifyRegisteraccountwithAllFields -->
        <test-method is-config="true" signature="tearDown()[pri:0, instance:com.mipractice.qa.testcase.Register@4f83df68]" started-at="2024-02-24T15:32:43 IST" name="tearDown" finished-at="2024-02-24T15:32:43 IST" duration-ms="110" status="PASS">
          <reporter-output>
          </reporter-output>
        </test-method> <!-- tearDown -->
        <test-method is-config="true" signature="setUp()[pri:0, instance:com.mipractice.qa.testcase.Register@4f83df68]" started-at="2024-02-24T15:32:43 IST" name="setUp" finished-at="2024-02-24T15:32:54 IST" duration-ms="10710" status="PASS">
          <reporter-output>
          </reporter-output>
        </test-method> <!-- setUp -->
        <test-method signature="verifyRegisteraccountwithexsistingEmail()[pri:3, instance:com.mipractice.qa.testcase.Register@4f83df68]" started-at="2024-02-24T15:32:54 IST" name="verifyRegisteraccountwithexsistingEmail" finished-at="2024-02-24T15:32:55 IST" duration-ms="1257" status="PASS">
          <reporter-output>
          </reporter-output>
        </test-method> <!-- verifyRegisteraccountwithexsistingEmail -->
        <test-method is-config="true" signature="tearDown()[pri:0, instance:com.mipractice.qa.testcase.Register@4f83df68]" started-at="2024-02-24T15:32:55 IST" name="tearDown" finished-at="2024-02-24T15:32:55 IST" duration-ms="134" status="PASS">
          <reporter-output>
          </reporter-output>
        </test-method> <!-- tearDown -->
      </class> <!-- com.mipractice.qa.testcase.Register -->
      <class name="com.mipractice.qa.testcase.Search">
        <test-method is-config="true" signature="setup()[pri:0, instance:com.mipractice.qa.testcase.Search@6cf0e0ba]" started-at="2024-02-24T15:32:55 IST" name="setup" finished-at="2024-02-24T15:33:05 IST" duration-ms="9478" status="PASS">
          <reporter-output>
          </reporter-output>
        </test-method> <!-- setup -->
        <test-method signature="verifySearchWithExistingProduct()[pri:1, instance:com.mipractice.qa.testcase.Search@6cf0e0ba]" started-at="2024-02-24T15:33:05 IST" name="verifySearchWithExistingProduct" finished-at="2024-02-24T15:33:06 IST" duration-ms="1216" status="PASS">
          <reporter-output>
          </reporter-output>
        </test-method> <!-- verifySearchWithExistingProduct -->
        <test-method is-config="true" signature="tearDown()[pri:0, instance:com.mipractice.qa.testcase.Search@6cf0e0ba]" started-at="2024-02-24T15:33:06 IST" name="tearDown" finished-at="2024-02-24T15:33:06 IST" duration-ms="115" status="PASS">
          <reporter-output>
          </reporter-output>
        </test-method> <!-- tearDown -->
        <test-method is-config="true" signature="setup()[pri:0, instance:com.mipractice.qa.testcase.Search@6cf0e0ba]" started-at="2024-02-24T15:33:06 IST" name="setup" finished-at="2024-02-24T15:33:15 IST" duration-ms="9300" status="PASS">
          <reporter-output>
          </reporter-output>
        </test-method> <!-- setup -->
        <test-method signature="verifySearchWithInvalidProduct()[pri:2, instance:com.mipractice.qa.testcase.Search@6cf0e0ba]" started-at="2024-02-24T15:33:15 IST" name="verifySearchWithInvalidProduct" finished-at="2024-02-24T15:33:16 IST" duration-ms="745" status="PASS">
          <reporter-output>
          </reporter-output>
        </test-method> <!-- verifySearchWithInvalidProduct -->
        <test-method is-config="true" signature="tearDown()[pri:0, instance:com.mipractice.qa.testcase.Search@6cf0e0ba]" started-at="2024-02-24T15:33:16 IST" name="tearDown" finished-at="2024-02-24T15:33:16 IST" duration-ms="103" status="PASS">
          <reporter-output>
          </reporter-output>
        </test-method> <!-- tearDown -->
        <test-method is-config="true" signature="setup()[pri:0, instance:com.mipractice.qa.testcase.Search@6cf0e0ba]" started-at="2024-02-24T15:33:16 IST" name="setup" finished-at="2024-02-24T15:33:27 IST" duration-ms="10616" status="PASS">
          <reporter-output>
          </reporter-output>
        </test-method> <!-- setup -->
        <test-method signature="verifyserachwithoutAnyProduct()[pri:3, instance:com.mipractice.qa.testcase.Search@6cf0e0ba]" started-at="2024-02-24T15:33:27 IST" name="verifyserachwithoutAnyProduct" finished-at="2024-02-24T15:33:27 IST" duration-ms="771" status="PASS">
          <reporter-output>
          </reporter-output>
        </test-method> <!-- verifyserachwithoutAnyProduct -->
        <test-method is-config="true" signature="tearDown()[pri:0, instance:com.mipractice.qa.testcase.Search@6cf0e0ba]" started-at="2024-02-24T15:33:27 IST" name="tearDown" finished-at="2024-02-24T15:33:28 IST" duration-ms="115" status="PASS">
          <reporter-output>
          </reporter-output>
        </test-method> <!-- tearDown -->
      </class> <!-- com.mipractice.qa.testcase.Search -->
      <class name="com.mipractice.qa.testcase.Login">
        <test-method is-config="true" signature="setup()[pri:0, instance:com.mipractice.qa.testcase.Login@294425a7]" started-at="2024-02-24T15:31:47 IST" name="setup" finished-at="2024-02-24T15:31:58 IST" duration-ms="10871" status="PASS">
          <reporter-output>
          </reporter-output>
        </test-method> <!-- setup -->
        <test-method signature="Verifywithlogincredentials()[pri:1, instance:com.mipractice.qa.testcase.Login@294425a7]" started-at="2024-02-24T15:31:58 IST" name="Verifywithlogincredentials" finished-at="2024-02-24T15:31:59 IST" duration-ms="1459" status="PASS">
          <reporter-output>
          </reporter-output>
        </test-method> <!-- Verifywithlogincredentials -->
        <test-method is-config="true" signature="tearDown()[pri:0, instance:com.mipractice.qa.testcase.Login@294425a7]" started-at="2024-02-24T15:31:59 IST" name="tearDown" finished-at="2024-02-24T15:31:59 IST" duration-ms="92" status="PASS">
          <reporter-output>
          </reporter-output>
        </test-method> <!-- tearDown -->
        <test-method is-config="true" signature="setup()[pri:0, instance:com.mipractice.qa.testcase.Login@294425a7]" started-at="2024-02-24T15:31:59 IST" name="setup" finished-at="2024-02-24T15:32:10 IST" duration-ms="10894" status="PASS">
          <reporter-output>
          </reporter-output>
        </test-method> <!-- setup -->
        <test-method signature="VerifywithInvalidlogincredentials()[pri:2, instance:com.mipractice.qa.testcase.Login@294425a7]" started-at="2024-02-24T15:32:10 IST" name="VerifywithInvalidlogincredentials" finished-at="2024-02-24T15:32:11 IST" duration-ms="881" status="PASS">
          <reporter-output>
          </reporter-output>
        </test-method> <!-- VerifywithInvalidlogincredentials -->
        <test-method is-config="true" signature="tearDown()[pri:0, instance:com.mipractice.qa.testcase.Login@294425a7]" started-at="2024-02-24T15:32:11 IST" name="tearDown" finished-at="2024-02-24T15:32:11 IST" duration-ms="116" status="PASS">
          <reporter-output>
          </reporter-output>
        </test-method> <!-- tearDown -->
      </class> <!-- com.mipractice.qa.testcase.Login -->
    </test> <!-- C:/Users/A.Nadeeshani/eclips2023/Selenim_MITPractice -->
  </suite> <!-- All Test Suite -->
</testng-results>
